Starting experiments with 4 parallel workers...
Processing audiology_variant1.mat (226 samples)...
Processing autos_variant1.mat (205 samples)...
Processing bands_band_34_variant1.mat (346 samples)...
Processing bands_band_6_variant1.mat (318 samples)...
Processing chess_nowin_145_variant1.mat (1814 samples)...
Processing chess_nowin_16_variant1.mat (1685 samples)...
Processing chess_nowin_34_variant1.mat (1703 samples)...
Processing hepatitis_2_9_variant1.mat (94 samples)...
Processing ionosphere_b_24_variant1.mat (249 samples)...
Processing letter.mat (1600 samples)...
Processing pima_TRUE_55_variant1.mat (555 samples)...
Processing sonar_M_10_variant1.mat (107 samples)...
Processing tic_tac_toe_negative_12_variant1.mat (638 samples)...
Processing tic_tac_toe_negative_26_variant1.mat (652 samples)...
Processing tic_tac_toe_negative_32_variant1.mat (658 samples)...
Processing tic_tac_toe_negative_54_variant1.mat (680 samples)...
Processing tic_tac_toe_negative_69_variant1.mat (695 samples)...
Processing vertebral.mat (240 samples)...
Processing vote_republican_29_variant1.mat (296 samples)...
Processing vowels.mat (1456 samples)...
Processing wbc_malignant_39_variant1.mat (483 samples)...
Processing wdbc_M_39_variant1.mat (396 samples)...
Processing wine.mat (129 samples)...
Processing wpbc_variant1.mat (198 samples)...
Processing yeast_ERL_5_variant1.mat (1141 samples)...
Processing zoo_variant1.mat (101 samples)...
Processing annealing_variant1.mat (798 samples)...
Processing arrhythmia_variant1.mat (452 samples)...
Processing bands_band_27_variant1.mat (339 samples)...
Processing bands_band_42_variant1.mat (354 samples)...
Processing cardio.mat (1831 samples)...
Processing chess_nowin_185_variant1.mat (1854 samples)...
Processing glass.mat (214 samples)...
Processing bands_band_16_variant1.mat (328 samples)...
Processing breast_cancer_variant1.mat (286 samples)...
Processing cardiotocography_2and3_33_variant1.mat (1688 samples)...
Processing chess_nowin_227_variant1.mat (1896 samples)...
Processing chess_nowin_87_variant1.mat (1756 samples)...
Processing creditA_plus_42_variant1.mat (425 samples)...
Processing diabetes_tested_positive_26_variant1.mat (526 samples)...
Processing ecoli.mat (336 samples)...
Processing german_1_14_variant1.mat (714 samples)...
Processing heart270_2_16_variant1.mat (166 samples)...
Processing horse_1_12_variant1.mat (256 samples)...
Processing iris_Irisvirginica_11_variant1.mat (111 samples)...
Processing lymphography.mat (148 samples)...
Processing monks_0_12_variant1.mat (240 samples)...
Processing monks_0_25_variant1.mat (253 samples)...
Processing monks_0_4_variant1.mat (232 samples)...
Skipping abalone_variant1.mat: 4177 samples (>= 2000)
Skipping adult_morethan50K_343_variant1.mat: 34357 samples (>= 2000)
Skipping adult_morethan50K_3779_variant1.mat: 37793 samples (>= 2000)
Skipping adult_morethan50K_1790_variant1.mat: 35804 samples (>= 2000)
Skipping adult_morethan50K_2957_variant1.mat: 36971 samples (>= 2000)
Skipping adult_morethan50K_4638_variant1.mat: 38652 samples (>= 2000)
annealing_variant1.mat generated an exception: name 'X_norm' is not defined
Skipping annthyroid.mat: 7200 samples (>= 2000)
audiology_variant1.mat generated an exception: name 'X_norm' is not defined
Skipping adult_morethan50K_694_variant1.mat: 34708 samples (>= 2000)
arrhythmia_variant1.mat generated an exception: name 'X_norm' is not defined
autos_variant1.mat generated an exception: name 'X_norm' is not defined
bands_band_27_variant1.mat generated an exception: name 'X_norm' is not defined
bands_band_34_variant1.mat generated an exception: name 'X_norm' is not defined
bands_band_16_variant1.mat generated an exception: name 'X_norm' is not defined
bands_band_42_variant1.mat generated an exception: name 'X_norm' is not defined
breast_cancer_variant1.mat generated an exception: name 'X_norm' is not defined
bands_band_6_variant1.mat generated an exception: name 'X_norm' is not defined
chess_nowin_145_variant1.mat generated an exception: name 'X_norm' is not defined
cardio.mat generated an exception: name 'X_norm' is not defined
cardiotocography_2and3_33_variant1.mat generated an exception: name 'X_norm' is not defined
chess_nowin_16_variant1.mat generated an exception: name 'X_norm' is not defined
chess_nowin_227_variant1.mat generated an exception: name 'X_norm' is not defined
chess_nowin_185_variant1.mat generated an exception: name 'X_norm' is not defined
chess_nowin_34_variant1.mat generated an exception: name 'X_norm' is not defined
chess_nowin_87_variant1.mat generated an exception: name 'X_norm' is not defined
creditA_plus_42_variant1.mat generated an exception: name 'X_norm' is not defined
diabetes_tested_positive_26_variant1.mat generated an exception: name 'X_norm' is not defined
Skipping ALOI_variant1.mat: 50000 samples (>= 2000)
ecoli.mat generated an exception: name 'X_norm' is not defined
Skipping connect_4_draw_1247_variant1.mat: 62355 samples (>= 2000)
german_1_14_variant1.mat generated an exception: name 'X_norm' is not defined
Skipping connect_4_draw_617_variant1.mat: 61725 samples (>= 2000)
heart270_2_16_variant1.mat generated an exception: name 'X_norm' is not defined
glass.mat generated an exception: name 'X_norm' is not defined
hepatitis_2_9_variant1.mat generated an exception: name 'X_norm' is not defined
horse_1_12_variant1.mat generated an exception: name 'X_norm' is not defined
ionosphere_b_24_variant1.mat generated an exception: name 'X_norm' is not defined
iris_Irisvirginica_11_variant1.mat generated an exception: name 'X_norm' is not defined
lymphography.mat generated an exception: name 'X_norm' is not defined
letter.mat generated an exception: name 'X_norm' is not defined
Skipping mammography.mat: 11183 samples (>= 2000)
monks_0_12_variant1.mat generated an exception: name 'X_norm' is not defined
monks_0_25_variant1.mat generated an exception: name 'X_norm' is not defined
monks_0_4_variant1.mat generated an exception: name 'X_norm' is not defined
Skipping mushroom_p_221_variant1.mat: 4429 samples (>= 2000)
Skipping mushroom_p_365_variant1.mat: 4573 samples (>= 2000)
Skipping mushroom_p_467_variant1.mat: 4675 samples (>= 2000)
Skipping mushroom_p_573_variant1.mat: 4781 samples (>= 2000)
Skipping mushroom_p_85_variant1.mat: 4293 samples (>= 2000)
Skipping musk.mat: 3062 samples (>= 2000)
Skipping nursery_variant1.mat: 12960 samples (>= 2000)
Skipping optdigits.mat: 5216 samples (>= 2000)
Skipping pageblocks_1_258_variant1.mat: 5171 samples (>= 2000)
Skipping mnist.mat: 7603 samples (>= 2000)
pima_TRUE_55_variant1.mat generated an exception: name 'X_norm' is not defined
Skipping pendigits.mat: 6870 samples (>= 2000)
Skipping satimage2.mat: 5803 samples (>= 2000)
Skipping shuttle.mat: 49097 samples (>= 2000)
Skipping satellite.mat: 6435 samples (>= 2000)
Skipping sick_sick_35_variant1.mat: 3576 samples (>= 2000)
Skipping sick_sick_72_variant1.mat: 3613 samples (>= 2000)
sonar_M_10_variant1.mat generated an exception: name 'X_norm' is not defined
Skipping smtp.mat: 95156 samples (>= 2000)
Skipping spambase_spam_56_variant1.mat: 2844 samples (>= 2000)
Skipping thyroid.mat: 3772 samples (>= 2000)
Skipping thyroid_disease_variant1.mat: 9172 samples (>= 2000)
tic_tac_toe_negative_12_variant1.mat generated an exception: name 'X_norm' is not defined
tic_tac_toe_negative_26_variant1.mat generated an exception: name 'X_norm' is not defined
tic_tac_toe_negative_32_variant1.mat generated an exception: name 'X_norm' is not defined
tic_tac_toe_negative_54_variant1.mat generated an exception: name 'X_norm' is not defined
tic_tac_toe_negative_69_variant1.mat generated an exception: name 'X_norm' is not defined
vertebral.mat generated an exception: name 'X_norm' is not defined
vote_republican_29_variant1.mat generated an exception: name 'X_norm' is not defined
vowels.mat generated an exception: name 'X_norm' is not defined
Skipping waveform_0_100_variant1.mat: 3443 samples (>= 2000)
wbc_malignant_39_variant1.mat generated an exception: name 'X_norm' is not defined
wdbc_M_39_variant1.mat generated an exception: name 'X_norm' is not defined
wine.mat generated an exception: name 'X_norm' is not defined
wpbc_variant1.mat generated an exception: name 'X_norm' is not defined
yeast_ERL_5_variant1.mat generated an exception: name 'X_norm' is not defined
zoo_variant1.mat generated an exception: name 'X_norm' is not defined
Skipping http.mat: 567498 samples (>= 2000)
Skipping speech.mat: 3686 samples (>= 2000)
Skipping forestcover.mat: 286048 samples (>= 2000)
